INFO  | 2020-09-19 13:44:29 | [main] javasample.App (App.java:16) - Hello World Will be printed on info
WARN  | 2020-09-19 13:44:29 | [main] javasample.App (App.java:17) - Hello World Will be printed on warn
ERROR | 2020-09-19 13:44:29 | [main] javasample.App (App.java:18) - Hello World Will be printed on error
FATAL | 2020-09-19 13:44:29 | [main] javasample.App (App.java:19) - Hello World Will be printed on fatal
INFO  | 2020-09-19 13:44:29 | [main] javasample.App (App.java:20) - Appending String: Hello World.
DEBUG | 2020-09-19 13:48:05 | [main] javasample.App (App.java:15) - Hello World Will be printed on debug
INFO  | 2020-09-19 13:48:05 | [main] javasample.App (App.java:16) - Hello World Will be printed on info
WARN  | 2020-09-19 13:48:06 | [main] javasample.App (App.java:17) - Hello World Will be printed on warn
ERROR | 2020-09-19 13:48:06 | [main] javasample.App (App.java:18) - Hello World Will be printed on error
FATAL | 2020-09-19 13:48:06 | [main] javasample.App (App.java:19) - Hello World Will be printed on fatal
INFO  | 2020-09-19 13:48:06 | [main] javasample.App (App.java:20) - Appending String: Hello World.
DEBUG | 2020-09-21 08:42:16 | [main] javasample.App (App.java:15) - Hello World Will be printed on debug
INFO  | 2020-09-21 08:42:16 | [main] javasample.App (App.java:16) - Hello World Will be printed on info
WARN  | 2020-09-21 08:42:16 | [main] javasample.App (App.java:17) - Hello World Will be printed on warn
ERROR | 2020-09-21 08:42:16 | [main] javasample.App (App.java:18) - Hello World Will be printed on error
FATAL | 2020-09-21 08:42:16 | [main] javasample.App (App.java:19) - Hello World Will be printed on fatal
INFO  | 2020-09-21 08:42:16 | [main] javasample.App (App.java:20) - Appending String: Hello World.
DEBUG | 2020-09-21 09:03:40 | [main] javasample.App (App.java:15) - Hello World Will be printed on debug
INFO  | 2020-09-21 09:03:40 | [main] javasample.App (App.java:16) - Hello World Will be printed on info
WARN  | 2020-09-21 09:03:40 | [main] javasample.App (App.java:17) - Hello World Will be printed on warn
ERROR | 2020-09-21 09:03:40 | [main] javasample.App (App.java:18) - Hello World Will be printed on error
FATAL | 2020-09-21 09:03:40 | [main] javasample.App (App.java:19) - Hello World Will be printed on fatal
INFO  | 2020-09-21 09:03:40 | [main] javasample.App (App.java:20) - Appending String: Hello World.
WARN  | 2020-09-21 09:14:07 | [main] javasample.App (App.java:17) - Hello World Will be printed on warn
ERROR | 2020-09-21 09:14:07 | [main] javasample.App (App.java:18) - Hello World Will be printed on error
FATAL | 2020-09-21 09:14:07 | [main] javasample.App (App.java:19) - Hello World Will be printed on fatal
